[     460ms] [ERROR] ReferenceError: Cannot access 'fetchInFlight' before initialization
    at fetchLeads (https://just-hail-charlie-ohnstads-projects-a684291d.vercel.app/admin?v=f0c797d:1712:3)
    at loadAndRender (https://just-hail-charlie-ohnstads-projects-a684291d.vercel.app/admin?v=f0c797d:2003:23)
    at init (https://just-hail-charlie-ohnstads-projects-a684291d.vercel.app/admin?v=f0c797d:2043:3)
    at showApp (https://just-hail-charlie-ohnstads-projects-a684291d.vercel.app/admin?v=f0c797d:1670:3)
    at https://just-hail-charlie-ohnstads-projects-a684291d.vercel.app/admin?v=f0c797d:1682:3 @ https://just-hail-charlie-ohnstads-projects-a684291d.vercel.app/admin?v=f0c797d:2014
[     461ms] [INFO] [Strategist] widget init {toggleFound: true, panelFound: true} @ https://just-hail-charlie-ohnstads-projects-a684291d.vercel.app/admin?v=f0c797d:2065
[     463ms] ReferenceError: Cannot access 'loadState' before initialization
    at loadAndRender (https://just-hail-charlie-ohnstads-projects-a684291d.vercel.app/admin?v=f0c797d:2016:5)
    at init (https://just-hail-charlie-ohnstads-projects-a684291d.vercel.app/admin?v=f0c797d:2043:3)
    at showApp (https://just-hail-charlie-ohnstads-projects-a684291d.vercel.app/admin?v=f0c797d:1670:3)
    at https://just-hail-charlie-ohnstads-projects-a684291d.vercel.app/admin?v=f0c797d:1682:3
[     485ms] [VERBOSE] [DOM] Input elements should have autocomplete attributes (suggested: "new-password"): (More info: https://goo.gl/9p2vKq) %o @ https://just-hail-charlie-ohnstads-projects-a684291d.vercel.app/admin?v=f0c797d:0
[    5866ms] [ERROR] ReferenceError: Cannot access 'fetchInFlight' before initialization
    at fetchLeads (https://just-hail-charlie-ohnstads-projects-a684291d.vercel.app/admin?v=f0c797d:1712:3)
    at loadAndRender (https://just-hail-charlie-ohnstads-projects-a684291d.vercel.app/admin?v=f0c797d:2003:23)
    at init (https://just-hail-charlie-ohnstads-projects-a684291d.vercel.app/admin?v=f0c797d:2043:3)
    at showApp (https://just-hail-charlie-ohnstads-projects-a684291d.vercel.app/admin?v=f0c797d:1670:3)
    at https://just-hail-charlie-ohnstads-projects-a684291d.vercel.app/admin?v=f0c797d:1682:3 @ https://just-hail-charlie-ohnstads-projects-a684291d.vercel.app/admin?v=f0c797d:2014
[    5866ms] [INFO] [Strategist] widget init {toggleFound: true, panelFound: true} @ https://just-hail-charlie-ohnstads-projects-a684291d.vercel.app/admin?v=f0c797d:2065
[    5876ms] [VERBOSE] [DOM] Input elements should have autocomplete attributes (suggested: "new-password"): (More info: https://goo.gl/9p2vKq) %o @ https://just-hail-charlie-ohnstads-projects-a684291d.vercel.app/admin?v=f0c797d:0
[    5881ms] ReferenceError: Cannot access 'loadState' before initialization
    at loadAndRender (https://just-hail-charlie-ohnstads-projects-a684291d.vercel.app/admin?v=f0c797d:2016:5)
    at init (https://just-hail-charlie-ohnstads-projects-a684291d.vercel.app/admin?v=f0c797d:2043:3)
    at showApp (https://just-hail-charlie-ohnstads-projects-a684291d.vercel.app/admin?v=f0c797d:1670:3)
    at https://just-hail-charlie-ohnstads-projects-a684291d.vercel.app/admin?v=f0c797d:1682:3
[   20566ms] [INFO] [swaths] raw response shape: {keys: Array(5), sample: Object} @ https://just-hail-charlie-ohnstads-projects-a684291d.vercel.app/admin?v=f0c797d:1431
[  183489ms] [INFO] [swaths] raw response shape: {keys: Array(5), sample: Object} @ https://just-hail-charlie-ohnstads-projects-a684291d.vercel.app/admin?v=f0c797d:1431
[  188652ms] [INFO] [swaths] raw response shape: {keys: Array(6), sample: Object} @ https://just-hail-charlie-ohnstads-projects-a684291d.vercel.app/admin?v=f0c797d:1431
[  191919ms] [INFO] [swaths] raw response shape: {keys: Array(6), sample: Object} @ https://just-hail-charlie-ohnstads-projects-a684291d.vercel.app/admin?v=f0c797d:1431
[  193877ms] [INFO] [swaths] raw response shape: {keys: Array(6), sample: Object} @ https://just-hail-charlie-ohnstads-projects-a684291d.vercel.app/admin?v=f0c797d:1431
[  195024ms] [INFO] [swaths] raw response shape: {keys: Array(6), sample: Object} @ https://just-hail-charlie-ohnstads-projects-a684291d.vercel.app/admin?v=f0c797d:1431
